<?xml version="1.0" encoding="UTF-8"?>
<!-- Generated by org.testng.reporters.JUnitReportReporter -->
<testsuite skipped="0" hostname="B9GBMITE1E" name="WeKanTest.SignUpTestSuite" tests="36" failures="0" timestamp="06 Mar 2018 09:47:39 GMT" time="233.553" errors="0">
  <testcase name="toVerifyLanguageIsChangingAccordingToSelectionMadeFromLanguageDropdownMenu" time="5.485" classname="WeKanTest.SignUpTestSuite"/>
  <testcase name="toVerifySignUpPageIsLoadedCorrectlyWithUserNameEmailAndPasswordInputFieldRegisterButtonSignInlinkAndDropdownmenu" time="5.424" classname="WeKanTest.SignUpTestSuite"/>
  <testcase name="toVerifyUserShouldBeAbleToNavigateToSignUpPage" time="5.389" classname="WeKanTest.SignUpTestSuite"/>
  <testcase name="toVerifyUserShouldBeAbleToNavigateToSignInPage" time="5.578" classname="WeKanTest.SignUpTestSuite"/>
  <testcase name="toVerifyUserShouldBeAbleToRegisterwithValidUserNameAndValidPassword" time="6.322" classname="WeKanTest.SignUpTestSuite"/>
  <testcase name="toVerifyUserShouldNotBeAbleToRegisterwithValidUserNameValidEmailAndInvalidPassword" time="6.549" classname="WeKanTest.SignUpTestSuite"/>
  <testcase name="toVerifyUserShouldNotBeAbleToRegisterwithValidUserNameValidEmailAndBlankPassword" time="5.776" classname="WeKanTest.SignUpTestSuite"/>
  <testcase name="toVerifyUserShouldNotBeAbleToRegisterwithValidUserNameInvalidEmailAndValidPassword" time="5.681" classname="WeKanTest.SignUpTestSuite"/>
  <testcase name="toVerifyUserShouldNotBeAbleToRegisterwithValidUserNameInvalidEmailAndInvalidPassword" time="6.032" classname="WeKanTest.SignUpTestSuite"/>
  <testcase name="toVerifyUserShouldNotBeAbleToRegisterwithValidUserNameInvalidEmailAndBlankPassword" time="5.712" classname="WeKanTest.SignUpTestSuite"/>
  <testcase name="toVerifyUserShouldNotBeAbleToRegisterwithValidUserNameBlankEmailAndValidPassword" time="5.766" classname="WeKanTest.SignUpTestSuite"/>
  <testcase name="toVerifyUserShouldNotBeAbleToRegisterwithValidUserNameBlankEmailAndInvalidPassword" time="5.791" classname="WeKanTest.SignUpTestSuite"/>
  <testcase name="toVerifyUserShouldNotBeAbleToRegisterwithValidUserNameBlankEmailAndBlankPassword" time="5.620" classname="WeKanTest.SignUpTestSuite"/>
  <testcase name="toVerifyUserShouldNotBeAbleToRegisterwithInvalidUserNameValidEmailAndValidPassword" time="10.330" classname="WeKanTest.SignUpTestSuite"/>
  <testcase name="toVerifyUserShouldNotBeAbleToRegisterwithInvalidUserNameValidEmailAndInvalidPassword" time="10.360" classname="WeKanTest.SignUpTestSuite"/>
  <testcase name="toVerifyUserShouldNotBeAbleToRegisterwithInvalidUserNameValidEmailAndBlankPassword" time="10.086" classname="WeKanTest.SignUpTestSuite"/>
  <testcase name="toVerifyUserShouldNotBeAbleToRegisterwithInvalidUserNameInvalidEmailAndValidPassword" time="10.196" classname="WeKanTest.SignUpTestSuite"/>
  <testcase name="toVerifyUserShouldNotBeAbleToRegisterwithInvalidUserNameInvalidEmailAndBlankPassword" time="5.721" classname="WeKanTest.SignUpTestSuite"/>
  <testcase name="toVerifyUserShouldNotBeAbleToRegisterwithInvalidUserNameBlankEmailAndValidPassword" time="5.664" classname="WeKanTest.SignUpTestSuite"/>
  <testcase name="toVerifyUserShouldNotBeAbleToRegisterwithInvalidUserNameBlankEmailAndInvalidPassword" time="5.722" classname="WeKanTest.SignUpTestSuite"/>
  <testcase name="toVerifyUserShouldNotBeAbleToRegisterwithInvalidUserNameBlankEmailAndBlankPassword" time="8.740" classname="WeKanTest.SignUpTestSuite"/>
  <testcase name="toVerifyUserShouldNotBeAbleToRegisterwithBlankUserNameValidEmailAndValidPassword" time="6.214" classname="WeKanTest.SignUpTestSuite"/>
  <testcase name="toVerifyUserShouldNotBeAbleToRegisterwithBlankUserNameValidEmailAndInvalidPassword" time="5.674" classname="WeKanTest.SignUpTestSuite"/>
  <testcase name="toVerifyUserShouldNotBeAbleToRegisterwithBlankUserNameValidEmailAndBlankPassword" time="5.664" classname="WeKanTest.SignUpTestSuite"/>
  <testcase name="toVerifyUserShouldNotBeAbleToRegisterwithBlankUserNameInvalidEmailAndValidPassword" time="5.807" classname="WeKanTest.SignUpTestSuite"/>
  <testcase name="toVerifyUserShouldNotBeAbleToRegisterwithBlankUserNameInvalidEmailAndInvalidPassword" time="5.817" classname="WeKanTest.SignUpTestSuite"/>
  <testcase name="toVerifyUserShouldNotBeAbleToRegisterwithBlankUserNameInvalidEmailAndBlankPassword" time="5.672" classname="WeKanTest.SignUpTestSuite"/>
  <testcase name="toVerifyUserShouldNotBeAbleToRegisterwithBlankUserNameBlankEmailAndValidPassword" time="5.549" classname="WeKanTest.SignUpTestSuite"/>
  <testcase name="toVerifyUserShouldNotBeAbleToRegisterwithBlankUserNameBlankEmailAndInvalidPassword" time="5.508" classname="WeKanTest.SignUpTestSuite"/>
  <testcase name="toVerifyUserShouldNotBeAbleToRegisterwithInvalidUserNameInvalidEmailAndInvalidPassword" time="10.179" classname="WeKanTest.SignUpTestSuite"/>
  <testcase name="toVerifyUserShouldNotBeAbleToRegisterwithBlankUserNameBlankEmailAndBlankPassword" time="6.115" classname="WeKanTest.SignUpTestSuite"/>
  <testcase name="toVerifyUserShouldNotBeAbleToRegisterwithSameUserNameSameEmailAndValidPassword" time="5.899" classname="WeKanTest.SignUpTestSuite"/>
  <testcase name="toVerifyUserShouldNotBeAbleToRegisterwithSameUserNameValidEmailAndValidPassword" time="5.987" classname="WeKanTest.SignUpTestSuite"/>
  <testcase name="toVerifyUserShouldNotBeAbleToRegisterwithSameUserNameInvalidEmailAndValidPassword" time="6.028" classname="WeKanTest.SignUpTestSuite"/>
  <testcase name="toVerifyUserShouldNotBeAbleToRegisterwithValidUserNameSameEmailAndValidPassword" time="5.885" classname="WeKanTest.SignUpTestSuite"/>
  <testcase name="toVerifyUserShouldNotBeAbleToRegisterwithInvalidUserNameSameEmailAndValidPassword" time="5.611" classname="WeKanTest.SignUpTestSuite"/>
</testsuite> <!-- WeKanTest.SignUpTestSuite -->
