<?xml version="1.0" encoding="UTF-8"?>
<!-- Generated by org.testng.reporters.JUnitReportReporter -->
<testsuite skipped="0" hostname="B9GBMITE1E" name="WeKanTest.ForgotPasswordTestSuite" tests="7" failures="0" timestamp="06 Mar 2018 09:36:30 GMT" time="51.026" errors="0">
  <testcase name="toVerifyLanguageIsChangingAccordingToSelectionMadeFromLanguageDropdownMenu" time="5.528" classname="WeKanTest.ForgotPasswordTestSuite"/>
  <testcase name="toVerifyUserShouldNotBeAbleToGenerateEmailResetLinkWithNonRegisteredEmail" time="6.186" classname="WeKanTest.ForgotPasswordTestSuite"/>
  <testcase name="toVerifySignUpPageIsLoadedCorrectlyWithUserNameEmailAndPasswordInputFieldRegisterButtonSignInlinkAndDropdownmenu" time="5.584" classname="WeKanTest.ForgotPasswordTestSuite"/>
  <testcase name="toVerifyUserShouldBeAbleToGenerateEmailResetLinkWithExistingEmail" time="6.991" classname="WeKanTest.ForgotPasswordTestSuite"/>
  <testcase name="toVerifyUserShouldBeAbleToNavigateToForgotPasswordPage" time="5.680" classname="WeKanTest.ForgotPasswordTestSuite"/>
  <testcase name="toVerifyUserShouldNotBeAbleToGenerateEmailResetLinkWithInvalidEmail" time="5.743" classname="WeKanTest.ForgotPasswordTestSuite"/>
  <testcase name="toVerifyUserShouldBeAbleToNavigateToSignUpPageWhenClickOnRegisterLink" time="15.314" classname="WeKanTest.ForgotPasswordTestSuite"/>
</testsuite> <!-- WeKanTest.ForgotPasswordTestSuite -->
